Unity Editor version:    2020.3.27f1 (e759542391ea)
Branch:                  2020.3/release
Build type:              Release
Batch mode:              YES
macOS version:           Version 11.2.1 (Build 20D74)
Darwin version:          20.3.0
Architecture:            x86_64
Running under Rosetta:   NO
Available memory:        16384 MB
Using pre-set license
Pro License: NO

COMMAND LINE ARGUMENTS:
/Users/game1-17/Downloads/2020.3.27f1/Unity.app/Contents/MacOS/Unity
-adb2
-batchMode
-noUpm
-name
AssetImportWorker0
-projectPath
/Users/game1-17/2D project
-logFile
Logs/AssetImportWorker0.log
-srvPort
59817
Successfully changed project path to: /Users/game1-17/2D project
/Users/game1-17/2D project
Using Asset Import Pipeline V2.
Refreshing native plugins compatible for Editor in 36.08 ms, found 3 plugins.
Preloading 0 native plugins for Editor in 0.00 ms.
Initialize engine version: 2020.3.27f1 (e759542391ea)
[Subsystems] Discovering subsystems at path /Users/game1-17/Downloads/2020.3.27f1/Unity.app/Contents/Resources/UnitySubsystems
[Subsystems] Discovering subsystems at path /Users/game1-17/2D project/Assets
GfxDevice: creating device client; threaded=0
2023-06-27 08:33:07.081 Unity[34011:13230209] iMac preferred device: AMD Radeon Pro 5500 XT (high power)
2023-06-27 08:33:07.081 Unity[34011:13230209] Metal devices available: 1
2023-06-27 08:33:07.081 Unity[34011:13230209] 0: AMD Radeon Pro 5500 XT (high power)
2023-06-27 08:33:07.081 Unity[34011:13230209] Using device AMD Radeon Pro 5500 XT (high power)
Initializing Metal device caps: AMD Radeon Pro 5500 XT
Initialize mono
Mono path[0] = '/Users/game1-17/Downloads/2020.3.27f1/Unity.app/Contents/Managed'
Mono path[1] = '/Users/game1-17/Downloads/2020.3.27f1/Unity.app/Contents/MonoBleedingEdge/lib/mono/unityjit'
Mono config path = '/Users/game1-17/Downloads/2020.3.27f1/Unity.app/Contents/MonoBleedingEdge/etc'
Using monoOptions --debugger-agent=transport=dt_socket,embedding=1,server=y,suspend=n,address=127.0.0.1:56011
Begin MonoManager ReloadAssembly
Registering precompiled unity dll's ...
Register platform support module: /Users/game1-17/Downloads/2020.3.27f1/Unity.app/Contents/PlaybackEngines/MacStandaloneSupport/UnityEditor.OSXStandalone.Extensions.dll
Registered in 0.000438 seconds.
Native extension for OSXStandalone target not found
Refreshing native plugins compatible for Editor in 37.90 ms, found 3 plugins.
Preloading 0 native plugins for Editor in 0.00 ms.
Mono: successfully reloaded assembly
- Completed reload, in  0.535 seconds
Domain Reload Profiling:
	ReloadAssembly (536ms)
		BeginReloadAssembly (39ms)
			ExecutionOrderSort (0ms)
			DisableScriptedObjects (0ms)
			BackupInstance (0ms)
			ReleaseScriptingObjects (0ms)
			CreateAndSetChildDomain (1ms)
		EndReloadAssembly (432ms)
			LoadAssemblies (38ms)
			RebuildTransferFunctionScriptingTraits (0ms)
			SetupTypeCache (158ms)
			ReleaseScriptCaches (0ms)
			RebuildScriptCaches (33ms)
			SetupLoadedEditorAssemblies (166ms)
				LogAssemblyErrors (0ms)
				InitializePlatformSupportModulesInManaged (4ms)
				SetLoadedEditorAssemblies (0ms)
				RefreshPlugins (38ms)
				BeforeProcessingInitializeOnLoad (7ms)
				ProcessInitializeOnLoadAttributes (91ms)
				ProcessInitializeOnLoadMethodAttributes (26ms)
				AfterProcessingInitializeOnLoad (0ms)
				EditorAssembliesLoaded (0ms)
			ExecutionOrderSort2 (0ms)
			AwakeInstancesAfterBackupRestoration (0ms)
Platform modules already initialized, skipping
Registering precompiled user dll's ...
Registered in 0.001708 seconds.
Begin MonoManager ReloadAssembly
Native extension for OSXStandalone target not found
Refreshing native plugins compatible for Editor in 36.31 ms, found 3 plugins.
Preloading 0 native plugins for Editor in 0.00 ms.
Mono: successfully reloaded assembly
- Completed reload, in  1.018 seconds
Domain Reload Profiling:
	ReloadAssembly (1019ms)
		BeginReloadAssembly (136ms)
			ExecutionOrderSort (0ms)
			DisableScriptedObjects (5ms)
			BackupInstance (0ms)
			ReleaseScriptingObjects (0ms)
			CreateAndSetChildDomain (27ms)
		EndReloadAssembly (826ms)
			LoadAssemblies (66ms)
			RebuildTransferFunctionScriptingTraits (0ms)
			SetupTypeCache (307ms)
			ReleaseScriptCaches (0ms)
			RebuildScriptCaches (49ms)
			SetupLoadedEditorAssemblies (293ms)
				LogAssemblyErrors (0ms)
				InitializePlatformSupportModulesInManaged (3ms)
				SetLoadedEditorAssemblies (0ms)
				RefreshPlugins (36ms)
				BeforeProcessingInitializeOnLoad (49ms)
				ProcessInitializeOnLoadAttributes (189ms)
				ProcessInitializeOnLoadMethodAttributes (14ms)
				AfterProcessingInitializeOnLoad (1ms)
				EditorAssembliesLoaded (0ms)
			ExecutionOrderSort2 (0ms)
			AwakeInstancesAfterBackupRestoration (6ms)
Platform modules already initialized, skipping
Validating Project structure ... 0.004373 seconds.
Shader import version has changed; will reimport all shaders...
Upgrading shader files ...0.004710 seconds.
Application.AssetDatabase Initial Script Refresh Start
RefreshInfo: InitialScriptRefreshV2(NoUpdateAssetOptions) scanfilter:  ... 1 filters
RefreshProfiler: Total: 0.000ms
Application.AssetDatabase Initial Script Refresh End
Application.AssetDatabase.Refresh Start
Application.AssetDatabase.Refresh End
RefreshInfo: StopAssetImportingV2(ForceSynchronousImport) scanfilter: 
RefreshProfiler: Total: 0.000ms
Launching external process: /Users/game1-17/Downloads/2020.3.27f1/Unity.app/Contents/Tools/UnityShaderCompiler
Launched and connected shader compiler UnityShaderCompiler after 0.02 seconds
Initializing Unity extensions:
========================================================================
Worker process is ready to serve import requests
Refreshing native plugins compatible for Editor in 0.32 ms, found 3 plugins.
Preloading 0 native plugins for Editor in 0.00 ms.
Unloading 2199 Unused Serialized files (Serialized files now loaded: 0)
System memory in use before: 212.4 MB.
System memory in use after: 211.5 MB.

Unloading 108 unused Assets to reduce memory usage. Loaded Objects now: 2665.
Total: 2.809613 ms (FindLiveObjects: 0.150948 ms CreateObjectMapping: 0.080589 ms MarkObjects: 2.144916 ms  DeleteObjects: 0.432536 ms)

AssetImportParameters requested are different than current active one (requested -> active):
  custom:video-decoder-ogg-theora: a1e56fd34408186e4bbccfd4996cb3dc -> 
  custom:container-muxer-webm: aa71ff27fc2769a1b78a27578f13a17b -> 
  custom:container-demuxer-webm: 4f35f7cbe854078d1ac9338744f61a02 -> 
  custom:container-demuxer-ogg: 62fdf1f143b41e24485cea50d1cbac27 -> 
  custom:video-encoder-webm-vp8: eb34c28f22e8b96e1ab97ce403110664 -> 
  custom:framework-osx-AVFoundation: e770b220cccbd017edd2c1fefb359320 -> 
  custom:video-decoder-webm-vp8: 9c59270c3fd7afecdb556c50c9e8de78 -> 
  custom:audio-decoder-ogg-vorbis: bf7c407c2cedff20999df2af8eb42d56 -> 
  custom:audio-encoder-webm-vorbis: bf7c407c2cedff20999df2af8eb42d56 -> 
========================================================================
Received Import Request.
  path: Assets/Scripts/PlayerScript.cs
  artifactKey: Guid(9f52b44085b6545d18d60e0de30d3a4a) Importer(815301076,1909f56bfc062723c751e8b465ee728b)
Start importing Assets/Scripts/PlayerScript.cs using Guid(9f52b44085b6545d18d60e0de30d3a4a) Importer(815301076,1909f56bfc062723c751e8b465ee728b)  -> (artifact id: '53303675ed10c6fd60b9b6b5b0a188e1') in 0.303807 seconds 
  Import took 0.310281 seconds .

========================================================================
Received Prepare
Refreshing native plugins compatible for Editor in 3.27 ms, found 3 plugins.
Preloading 0 native plugins for Editor in 0.00 ms.
Unloading 21 Unused Serialized files (Serialized files now loaded: 0)
System memory in use before: 172.5 MB.
System memory in use after: 172.5 MB.

Unloading 21 unused Assets to reduce memory usage. Loaded Objects now: 2665.
Total: 3.035391 ms (FindLiveObjects: 0.163774 ms CreateObjectMapping: 0.083378 ms MarkObjects: 2.703079 ms  DeleteObjects: 0.084566 ms)

AssetImportParameters requested are different than current active one (requested -> active):
  custom:video-decoder-ogg-theora: a1e56fd34408186e4bbccfd4996cb3dc -> 
  custom:container-muxer-webm: aa71ff27fc2769a1b78a27578f13a17b -> 
  custom:container-demuxer-webm: 4f35f7cbe854078d1ac9338744f61a02 -> 
  custom:container-demuxer-ogg: 62fdf1f143b41e24485cea50d1cbac27 -> 
  custom:video-encoder-webm-vp8: eb34c28f22e8b96e1ab97ce403110664 -> 
  custom:framework-osx-AVFoundation: e770b220cccbd017edd2c1fefb359320 -> 
  custom:video-decoder-webm-vp8: 9c59270c3fd7afecdb556c50c9e8de78 -> 
  custom:audio-decoder-ogg-vorbis: bf7c407c2cedff20999df2af8eb42d56 -> 
  custom:audio-encoder-webm-vorbis: bf7c407c2cedff20999df2af8eb42d56 -> 
========================================================================
Received Import Request.
  Time since last request: 1733.722013 seconds.
  path: Assets/Robot Shooting Game
  artifactKey: Guid(7df28d6a7c88d4d33b2fa4c775c4bb4c) Importer(815301076,1909f56bfc062723c751e8b465ee728b)
Start importing Assets/Robot Shooting Game using Guid(7df28d6a7c88d4d33b2fa4c775c4bb4c) Importer(815301076,1909f56bfc062723c751e8b465ee728b)  -> (artifact id: '4acbd20246c1ab5b7757f360865f4d0a') in 0.001799 seconds 
  Import took 0.006491 seconds .

========================================================================
Received Import Request.
  Time since last request: 6.507825 seconds.
  path: Assets
  artifactKey: Guid(00000000000000001000000000000000) Importer(815301076,1909f56bfc062723c751e8b465ee728b)
Start importing Assets using Guid(00000000000000001000000000000000) Importer(815301076,1909f56bfc062723c751e8b465ee728b)  -> (artifact id: '42d402b061de3733987d63b9cc3b64de') in 0.001907 seconds 
  Import took 0.006695 seconds .

========================================================================
Received Import Request.
  Time since last request: 21.522117 seconds.
  path: Assets/Sprites
  artifactKey: Guid(c88a42c76b0b7430cbeb885057ae8f40) Importer(815301076,1909f56bfc062723c751e8b465ee728b)
Start importing Assets/Sprites using Guid(c88a42c76b0b7430cbeb885057ae8f40) Importer(815301076,1909f56bfc062723c751e8b465ee728b)  -> (artifact id: 'f782e05b219777623365b10f256f4d71') in 0.002160 seconds 
  Import took 0.005217 seconds .

========================================================================
Received Import Request.
  Time since last request: 7.547644 seconds.
  path: Assets/Medieval_pixel_art_asset_FREE
  artifactKey: Guid(3ed05e51bba464eaca08369519782b61) Importer(815301076,1909f56bfc062723c751e8b465ee728b)
Start importing Assets/Medieval_pixel_art_asset_FREE using Guid(3ed05e51bba464eaca08369519782b61) Importer(815301076,1909f56bfc062723c751e8b465ee728b)  -> (artifact id: '8d808b037b44e7c93a3d414ff4ffca22') in 0.001628 seconds 
  Import took 0.005799 seconds .

========================================================================
Received Import Request.
  Time since last request: 9.531246 seconds.
  path: Assets/Tiles
  artifactKey: Guid(01f7f6dcef5a8456da0ea5920ffc899e) Importer(815301076,1909f56bfc062723c751e8b465ee728b)
Start importing Assets/Tiles using Guid(01f7f6dcef5a8456da0ea5920ffc899e) Importer(815301076,1909f56bfc062723c751e8b465ee728b)  -> (artifact id: '8a5bf6c2c138803370ca2a4ec7d1d870') in 0.004380 seconds 
  Import took 0.007606 seconds .

========================================================================
Received Prepare
Registering precompiled user dll's ...
Registered in 0.003535 seconds.
Begin MonoManager ReloadAssembly
Native extension for OSXStandalone target not found
Refreshing native plugins compatible for Editor in 0.44 ms, found 3 plugins.
Preloading 0 native plugins for Editor in 0.00 ms.
Mono: successfully reloaded assembly
- Completed reload, in  0.970 seconds
Domain Reload Profiling:
	ReloadAssembly (971ms)
		BeginReloadAssembly (112ms)
			ExecutionOrderSort (0ms)
			DisableScriptedObjects (6ms)
			BackupInstance (0ms)
			ReleaseScriptingObjects (0ms)
			CreateAndSetChildDomain (54ms)
		EndReloadAssembly (802ms)
			LoadAssemblies (66ms)
			RebuildTransferFunctionScriptingTraits (0ms)
			SetupTypeCache (303ms)
			ReleaseScriptCaches (1ms)
			RebuildScriptCaches (44ms)
			SetupLoadedEditorAssemblies (282ms)
				LogAssemblyErrors (0ms)
				InitializePlatformSupportModulesInManaged (4ms)
				SetLoadedEditorAssemblies (0ms)
				RefreshPlugins (0ms)
				BeforeProcessingInitializeOnLoad (84ms)
				ProcessInitializeOnLoadAttributes (183ms)
				ProcessInitializeOnLoadMethodAttributes (10ms)
				AfterProcessingInitializeOnLoad (1ms)
				EditorAssembliesLoaded (0ms)
			ExecutionOrderSort2 (0ms)
			AwakeInstancesAfterBackupRestoration (8ms)
Platform modules already initialized, skipping
Refreshing native plugins compatible for Editor in 0.42 ms, found 3 plugins.
Preloading 0 native plugins for Editor in 0.00 ms.
Unloading 2193 Unused Serialized files (Serialized files now loaded: 0)
System memory in use before: 217.2 MB.
System memory in use after: 217.1 MB.

Unloading 24 unused Assets to reduce memory usage. Loaded Objects now: 2668.
Total: 2.446566 ms (FindLiveObjects: 0.150391 ms CreateObjectMapping: 0.083830 ms MarkObjects: 2.128558 ms  DeleteObjects: 0.083295 ms)

AssetImportParameters requested are different than current active one (requested -> active):
  custom:video-decoder-ogg-theora: a1e56fd34408186e4bbccfd4996cb3dc -> 
  custom:container-muxer-webm: aa71ff27fc2769a1b78a27578f13a17b -> 
  custom:container-demuxer-webm: 4f35f7cbe854078d1ac9338744f61a02 -> 
  custom:container-demuxer-ogg: 62fdf1f143b41e24485cea50d1cbac27 -> 
  custom:video-encoder-webm-vp8: eb34c28f22e8b96e1ab97ce403110664 -> 
  custom:framework-osx-AVFoundation: e770b220cccbd017edd2c1fefb359320 -> 
  custom:video-decoder-webm-vp8: 9c59270c3fd7afecdb556c50c9e8de78 -> 
  custom:audio-decoder-ogg-vorbis: bf7c407c2cedff20999df2af8eb42d56 -> 
  custom:audio-encoder-webm-vorbis: bf7c407c2cedff20999df2af8eb42d56 -> 
========================================================================
Received Import Request.
  Time since last request: 141.920394 seconds.
  path: Assets/Knight Animation Template.png
  artifactKey: Guid(f1aee054cb544471694dfc11326ead91) Importer(815301076,1909f56bfc062723c751e8b465ee728b)
Start importing Assets/Knight Animation Template.png using Guid(f1aee054cb544471694dfc11326ead91) Importer(815301076,1909f56bfc062723c751e8b465ee728b)  -> (artifact id: 'e1b78b8727f00c0d1fab9b85a3c92c3a') in 0.800681 seconds 
  Import took 0.807173 seconds .

========================================================================
Received Import Request.
  Time since last request: 60.458095 seconds.
  path: Assets/Knight Animation Template.png
  artifactKey: Guid(f1aee054cb544471694dfc11326ead91) Importer(815301076,1909f56bfc062723c751e8b465ee728b)
Start importing Assets/Knight Animation Template.png using Guid(f1aee054cb544471694dfc11326ead91) Importer(815301076,1909f56bfc062723c751e8b465ee728b)  -> (artifact id: 'e86b410d298cf98c755da3a9ec0de24b') in 0.006942 seconds 
  Import took 0.010730 seconds .

========================================================================
Received Import Request.
  Time since last request: 63.996520 seconds.
  path: Assets/Knight Animation Template.png
  artifactKey: Guid(f1aee054cb544471694dfc11326ead91) Importer(815301076,1909f56bfc062723c751e8b465ee728b)
Start importing Assets/Knight Animation Template.png using Guid(f1aee054cb544471694dfc11326ead91) Importer(815301076,1909f56bfc062723c751e8b465ee728b)  -> (artifact id: 'c74f9706369a7c42816c29860bce14a0') in 0.005632 seconds 
  Import took 0.009453 seconds .

========================================================================
Received Prepare
Registering precompiled user dll's ...
Registered in 0.001753 seconds.
Begin MonoManager ReloadAssembly
Native extension for OSXStandalone target not found
Refreshing native plugins compatible for Editor in 0.43 ms, found 3 plugins.
Preloading 0 native plugins for Editor in 0.00 ms.
Mono: successfully reloaded assembly
- Completed reload, in  0.952 seconds
Domain Reload Profiling:
	ReloadAssembly (952ms)
		BeginReloadAssembly (109ms)
			ExecutionOrderSort (0ms)
			DisableScriptedObjects (5ms)
			BackupInstance (0ms)
			ReleaseScriptingObjects (0ms)
			CreateAndSetChildDomain (55ms)
		EndReloadAssembly (789ms)
			LoadAssemblies (63ms)
			RebuildTransferFunctionScriptingTraits (0ms)
			SetupTypeCache (295ms)
			ReleaseScriptCaches (1ms)
			RebuildScriptCaches (44ms)
			SetupLoadedEditorAssemblies (278ms)
				LogAssemblyErrors (0ms)
				InitializePlatformSupportModulesInManaged (4ms)
				SetLoadedEditorAssemblies (0ms)
				RefreshPlugins (0ms)
				BeforeProcessingInitializeOnLoad (84ms)
				ProcessInitializeOnLoadAttributes (179ms)
				ProcessInitializeOnLoadMethodAttributes (10ms)
				AfterProcessingInitializeOnLoad (1ms)
				EditorAssembliesLoaded (0ms)
			ExecutionOrderSort2 (0ms)
			AwakeInstancesAfterBackupRestoration (8ms)
Platform modules already initialized, skipping
Refreshing native plugins compatible for Editor in 0.43 ms, found 3 plugins.
Preloading 0 native plugins for Editor in 0.00 ms.
Unloading 2193 Unused Serialized files (Serialized files now loaded: 0)
System memory in use before: 221.7 MB.
System memory in use after: 221.7 MB.

Unloading 23 unused Assets to reduce memory usage. Loaded Objects now: 2675.
Total: 2.386521 ms (FindLiveObjects: 0.133590 ms CreateObjectMapping: 0.067135 ms MarkObjects: 2.103441 ms  DeleteObjects: 0.081767 ms)

AssetImportParameters requested are different than current active one (requested -> active):
  custom:video-decoder-ogg-theora: a1e56fd34408186e4bbccfd4996cb3dc -> 
  custom:container-muxer-webm: aa71ff27fc2769a1b78a27578f13a17b -> 
  custom:container-demuxer-webm: 4f35f7cbe854078d1ac9338744f61a02 -> 
  custom:container-demuxer-ogg: 62fdf1f143b41e24485cea50d1cbac27 -> 
  custom:video-encoder-webm-vp8: eb34c28f22e8b96e1ab97ce403110664 -> 
  custom:framework-osx-AVFoundation: e770b220cccbd017edd2c1fefb359320 -> 
  custom:video-decoder-webm-vp8: 9c59270c3fd7afecdb556c50c9e8de78 -> 
  custom:audio-decoder-ogg-vorbis: bf7c407c2cedff20999df2af8eb42d56 -> 
  custom:audio-encoder-webm-vorbis: bf7c407c2cedff20999df2af8eb42d56 -> 
========================================================================
Received Import Request.
  Time since last request: 65.720447 seconds.
  path: Assets/Knight Animation Template.png
  artifactKey: Guid(f1aee054cb544471694dfc11326ead91) Importer(815301076,1909f56bfc062723c751e8b465ee728b)
Start importing Assets/Knight Animation Template.png using Guid(f1aee054cb544471694dfc11326ead91) Importer(815301076,1909f56bfc062723c751e8b465ee728b)  -> (artifact id: '619560cbb24d2a0c6879fc09922d34fd') in 0.054101 seconds 
  Import took 0.057532 seconds .

========================================================================
Received Import Request.
  Time since last request: 100.667869 seconds.
  path: Assets/Knight Animation Template_0.prefab
  artifactKey: Guid(29d29a7ced03948068254cfa7bd8b3ea) Importer(815301076,1909f56bfc062723c751e8b465ee728b)
Start importing Assets/Knight Animation Template_0.prefab using Guid(29d29a7ced03948068254cfa7bd8b3ea) Importer(815301076,1909f56bfc062723c751e8b465ee728b)  -> (artifact id: 'a389ceaa2dc7e7385e2ff183db9a78de') in 0.822021 seconds 
  Import took 0.828492 seconds .

AssetImportWorkerClient::OnTransportError - code=2 error=End of file
